<?xml version="1.0" encoding="UTF-8"?>
<!-- Generated by org.testng.reporters.JUnitXMLReporter -->
<testsuite hostname="DESKTOP-2A9CD8J" ignored="0" name="Test" tests="26" failures="2" timestamp="2021-11-05T09:42:44 IST" time="98.482" errors="0">
  <testcase name="checkFooterTest" time="0.19" classname="com.jbk_Test.LogInPageTest"/>
  <testcase name="logoDisplayTest" time="0.116" classname="com.jbk_Test.LogInPageTest"/>
  <testcase name="verifyTitleTest" time="0.014" classname="com.jbk_Test.LogInPageTest"/>
  <testcase name="verifyTitleHeadingTest" time="0.051" classname="com.jbk_Test.LogInPageTest"/>
  <testcase name="checkTitle" time="0.009" classname="com.jbk_Test.DashboardPageTest"/>
  <testcase name="checkCoursesNamesTest" time="5.026" classname="com.jbk_Test.DashboardPageTest"/>
  <testcase name="checkCoursestextTest" time="0.227" classname="com.jbk_Test.DashboardPageTest"/>
  <testcase name="checkDashboardCourseFooterTest" time="0.046" classname="com.jbk_Test.DashboardPageTest"/>
  <testcase name="checkDashboardFooter1Test" time="0.047" classname="com.jbk_Test.DashboardPageTest"/>
  <testcase name="checkDashboardFooter2Test" time="0.053" classname="com.jbk_Test.DashboardPageTest"/>
  <testcase name="checkPageTitleTest" time="0.029" classname="com.jbk_Test.DownloadPageTest"/>
  <testcase name="checkPageURLTest" time="0.01" classname="com.jbk_Test.DownloadPageTest"/>
  <testcase name="checkAddUserTest" time="0.079" classname="com.jbk_Test.UserPageTest"/>
  <testcase name="checkUserListTest" time="0.054" classname="com.jbk_Test.UserPageTest"/>
  <testcase name="checkDashboardFooter1Test" time="0.044" classname="com.jbk_Test.UserPageTest"/>
  <testcase name="checkDashboardFooter2Test" time="0.042" classname="com.jbk_Test.UserPageTest"/>
  <testcase name="checkLinksContentTest" time="0.309" classname="com.jbk_Test.UsefulLinkPageTest"/>
  <testcase name="checkPageHeaderTest" time="0.044" classname="com.jbk_Test.UsefulLinkPageTest"/>
  <testcase name="checkPageTitleTest" time="0.011" classname="com.jbk_Test.UsefulLinkPageTest"/>
  <testcase name="checkPageURLTest" time="0.009" classname="com.jbk_Test.UsefulLinkPageTest"/>
  <testcase name="checkPageTitleTest" time="0.011" classname="com.jbk_Test.OperatorPageTest"/>
  <testcase name="checkPageURLTest" time="0.012" classname="com.jbk_Test.OperatorPageTest"/>
  <testcase name="checkPersonContactListTest" time="0.306" classname="com.jbk_Test.OperatorPageTest"/>
  <testcase name="checkPersonNamesTest" time="0.156" classname="com.jbk_Test.OperatorPageTest"/>
  <testcase name="checkTimingsTest" time="0.231" classname="com.jbk_Test.OperatorPageTest">
    <failure type="java.lang.AssertionError" message="expected [true] but found [false]">
      <![CDATA[java.lang.AssertionError: expected [true] but found [false]
at com.jbk_Test.OperatorPageTest.checkTimingsTest(OperatorPageTest.java:62)
at java.util.ArrayList.forEach(ArrayList.java:1255)
... Removed 31 stack frames]]>
    </failure>
  </testcase> <!-- checkTimingsTest -->
  <testcase name="checkTimingsTest" time="0.318" classname="com.jbk_Test.OperatorPageTest">
    <failure type="java.lang.NullPointerException">
      <![CDATA[java.lang.NullPointerException
at com.testbase.TestBase.takeScreenShot(TestBase.java:105)
at com.listeners.ListenersEx.onTestFailure(ListenersEx.java:29)
at java.util.ArrayList.forEach(ArrayList.java:1255)
... Removed 24 stack frames]]>
    </failure>
  </testcase> <!-- checkTimingsTest -->
</testsuite> <!-- Test -->
